<?xml version="1.0" encoding="UTF-8"?>
<testsuite name="PrintTest" tests="1" skipped="0" failures="0" errors="0" timestamp="2019-12-21T18:12:40" hostname="noahs-MacBook-Pro.local" time="0.062">
  <properties/>
  <testcase name="요청한 문서의 출력순서 구하기" classname="PrintTest" time="0.062"/>
  <system-out><![CDATA[]]></system-out>
  <system-err><![CDATA[]]></system-err>
</testsuite>
