<?xml version="1.0" encoding="UTF-8"?>
<testsuite name="BudgetTest" tests="1" skipped="0" failures="0" errors="0" timestamp="2019-12-11T13:11:20" hostname="noahs-MacBook-Pro.local" time="0.09">
  <properties/>
  <testcase name="예산 구하기" classname="BudgetTest" time="0.09"/>
  <system-out><![CDATA[]]></system-out>
  <system-err><![CDATA[]]></system-err>
</testsuite>
