<?xml version="1.0" encoding="UTF-8"?>
<testsuite name="SolutionTest" tests="1" skipped="0" failures="0" errors="0" timestamp="2020-01-01T17:14:01" hostname="noahs-MacBook-Pro.local" time="0.069">
  <properties/>
  <testcase name="공약수들이 포함된 배열을 만든다" classname="SolutionTest" time="0.069"/>
  <system-out><![CDATA[]]></system-out>
  <system-err><![CDATA[]]></system-err>
</testsuite>
